<?xml version="1.0" encoding="UTF-8"?>
<testng-results ignored="0" total="2" passed="2" failed="0" skipped="0">
  <reporter-output>
  </reporter-output>
  <suite started-at="2022-07-07T20:15:35 IST" name="Suite" finished-at="2022-07-07T20:16:52 IST" duration-ms="76387">
    <groups>
    </groups>
    <test started-at="2022-07-07T20:15:35 IST" name="FirefoxTest" finished-at="2022-07-07T20:16:26 IST" duration-ms="50415">
      <class name="CrossBrowserTest.CrossBrowserTesting">
        <test-method signature="myMethod(java.lang.String)[pri:0, instance:CrossBrowserTest.CrossBrowserTesting@614ca7df]" started-at="2022-07-07T20:15:35 IST" name="myMethod" finished-at="2022-07-07T20:16:26 IST" duration-ms="50372" status="PASS">
          <params>
            <param index="0">
              <value>
                <![CDATA[firefox]]>
              </value>
            </param>
          </params>
          <reporter-output>
          </reporter-output>
        </test-method> <!-- myMethod -->
      </class> <!-- CrossBrowserTest.CrossBrowserTesting -->
    </test> <!-- FirefoxTest -->
    <test started-at="2022-07-07T20:16:26 IST" name="chromeTest" finished-at="2022-07-07T20:16:52 IST" duration-ms="25914">
      <class name="CrossBrowserTest.CrossBrowserTesting">
        <test-method signature="myMethod(java.lang.String)[pri:0, instance:CrossBrowserTest.CrossBrowserTesting@1ed6388a]" started-at="2022-07-07T20:16:26 IST" name="myMethod" finished-at="2022-07-07T20:16:52 IST" duration-ms="25909" status="PASS">
          <params>
            <param index="0">
              <value>
                <![CDATA[chrome]]>
              </value>
            </param>
          </params>
          <reporter-output>
          </reporter-output>
        </test-method> <!-- myMethod -->
      </class> <!-- CrossBrowserTest.CrossBrowserTesting -->
    </test> <!-- chromeTest -->
  </suite> <!-- Suite -->
</testng-results>
